#
# A fatal error has been detected by the Java Runtime Environment:
#
#  SIGSEGV (0xb) at pc=0x00007f5b9f506028, pid=8011, tid=0x00007f5b9ce65700
#
# JRE version: Java(TM) SE Runtime Environment (8.0_151-b12) (build 1.8.0_151-b12)
# Java VM: Java HotSpot(TM) 64-Bit Server VM (25.151-b12 mixed mode linux-amd64 compressed oops)
# Problematic frame:
# C  [libawt_xawt.so+0x42028]  ReadRegionsInList+0x3b8
#
# Failed to write core dump. Core dumps have been disabled. To enable core dumping, try "ulimit -c unlimited" before starting Java again
#
# If you would like to submit a bug report, please visit:
#   http://bugreport.java.com/bugreport/crash.jsp
# The crash happened outside the Java Virtual Machine in native code.
# See problematic frame for where to report the bug.
#

---------------  T H R E A D  ---------------

Current thread (0x00007f5c0859a800):  JavaThread "pool-1-thread-1" [_thread_in_native, id=8279, stack(0x00007f5b9cd65000,0x00007f5b9ce66000)]

siginfo: si_signo: 11 (SIGSEGV), si_code: 1 (SEGV_MAPERR), si_addr: 0x0000000000000068

Registers:
RAX=0x000000000000041d, RBX=0x0000000000000000, RCX=0x00007f5b880008c0, RDX=0x0000000000000000
RSP=0x00007f5b9ce63620, RBP=0x00007f5b9ce63730, RSI=0x0000000000000000, RDI=0x0000000000000000
R8 =0x000000000001a180, R9 =0x00007f5b88007720, R10=0xffffffffffffffb0, R11=0x00007f5b88007ea0
R12=0x0000000000000000, R13=0x0000000000000000, R14=0x00007f5b88005df0, R15=0x000000000000074d
RIP=0x00007f5b9f506028, EFLAGS=0x0000000000010206, CSGSFS=0x002b000000000033, ERR=0x0000000000000004
  TRAPNO=0x000000000000000e

Top of Stack: (sp=0x00007f5b9ce63620)
0x00007f5b9ce63620:   00007f5b9ce636f4 00007f5b00000002
0x00007f5b9ce63630:   0000000000000008 00007f5b00000000
0x00007f5b9ce63640:   00007f5b9ce636f8 0000000000000438
0x00007f5b9ce63650:   0000000000000780 00007f5b9ce636e8
0x00007f5b9ce63660:   00007f5b9ce636fc 00007f5b9ce636f4
0x00007f5b9ce63670:   000000029ce63750 00007f5c09d44270
0x00007f5b9ce63680:   00007f5b88005c10 000000339ce63800
0x00007f5b9ce63690:   0000041d0000001b 00007f5b880057a0
0x00007f5b9ce636a0:   00007f5b88000000 0000000000000001
0x00007f5b9ce636b0:   0000074d00000000 0000003300000037
0x00007f5b9ce636c0:   0000000000000000 0000043800000780
0x00007f5b9ce636d0:   0000000000000001 00007f5c0000001b
0x00007f5b9ce636e0:   0000000000000270 00007f5b88005e80
0x00007f5b9ce636f0:   0000000000000001 0000001000000008
0x00007f5b9ce63700:   0000000000000000 0438078000000000
0x00007f5b9ce63710:   0000000000000000 0000000000000000
0x00007f5b9ce63720:   0000000000000780 0000000000000438
0x00007f5b9ce63730:   00007f5b9ce63840 00007f5b9f506288
0x00007f5b9ce63740:   0438078000000000 00007f5b88005ba0
0x00007f5b9ce63750:   0000000000000000 0000000000000000
0x00007f5b9ce63760:   0401074d00370033 1538b84810245489
0x00007f5b9ce63770:   0438078000000000 00007f5b9ce637d0
0x00007f5b9ce63780:   00007f5c09d44270 0780000000004270
0x00007f5b9ce63790:   00007f5b9ce60438 00007f5b9ce638f8
0x00007f5b9ce637a0:   00007f5b9ce638f4 00007f5b9ce638d0
0x00007f5b9ce637b0:   00007f5b9ce63840 00007f5b9f5070a2
0x00007f5b9ce637c0:   00007f5b9ce638f4 00007f5b9ce638f8
0x00007f5b9ce637d0:   0000000000000000 00007f5c0000001d
0x00007f5b9ce637e0:   00007f5b00000005 0000000000ff0000
0x00007f5b9ce637f0:   000000000000ff00 00000000000000ff
0x00007f5b9ce63800:   0000010000000008 0000000109d35c70
0x00007f5b9ce63810:   00007f5c09d44270 00007f5c09d44270 

Instructions: (pc=0x00007f5b9f506028)
0x00007f5b9f506008:   00 8b 95 60 ff ff ff 31 db 44 01 ea 89 55 a8 66
0x00007f5b9f506018:   0f 1f 84 00 00 00 00 00 89 de 44 89 ea 4c 89 e7
0x00007f5b9f506028:   41 ff 54 24 68 48 8b 95 50 ff ff ff 48 98 8b 4d
0x00007f5b9f506038:   cc 4c 8b 45 b8 8b 75 c8 48 8b 7a 08 48 89 c2 48 

Register to memory mapping:

RAX=0x000000000000041d is an unknown value
RBX=0x0000000000000000 is an unknown value
RCX=0x00007f5b880008c0 is an unknown value
RDX=0x0000000000000000 is an unknown value
RSP=0x00007f5b9ce63620 is pointing into the stack for thread: 0x00007f5c0859a800
RBP=0x00007f5b9ce63730 is pointing into the stack for thread: 0x00007f5c0859a800
RSI=0x0000000000000000 is an unknown value
RDI=0x0000000000000000 is an unknown value
R8 =0x000000000001a180 is an unknown value
R9 =0x00007f5b88007720 is an unknown value
R10=0xffffffffffffffb0 is an unknown value
R11=0x00007f5b88007ea0 is an unknown value
R12=0x0000000000000000 is an unknown value
R13=0x0000000000000000 is an unknown value
R14=0x00007f5b88005df0 is an unknown value
R15=0x000000000000074d is an unknown value


Stack: [0x00007f5b9cd65000,0x00007f5b9ce66000],  sp=0x00007f5b9ce63620,  free space=1017k
Native frames: (J=compiled Java code, j=interpreted, Vv=VM code, C=native code)
C  [libawt_xawt.so+0x42028]  ReadRegionsInList+0x3b8
C  [libawt_xawt.so+0x42288]  ReadAreaToImage+0xa8
C  [libawt_xawt.so+0x3a67c]  Java_sun_awt_X11_XRobotPeer_getRGBPixelsImpl+0x17c
j  sun.awt.X11.XRobotPeer.getRGBPixelsImpl(Lsun/awt/X11GraphicsConfig;IIII[I)V+0
j  sun.awt.X11.XRobotPeer.getRGBPixels(Ljava/awt/Rectangle;)[I+33
j  java.awt.Robot.createScreenCapture(Ljava/awt/Rectangle;)Ljava/awt/image/BufferedImage;+50
j  de.tdlabs.apps.screencast.screen.ScreenGrabber.grab(Ljava/awt/Rectangle;)Ljava/awt/image/BufferedImage;+5
j  de.tdlabs.apps.screencast.screen.ScreenGrabber.grab()Ljava/awt/image/BufferedImage;+5
j  de.tdlabs.apps.screencast.screen.ScreenGrabber.grabAsBytes()[B+2
j  de.tdlabs.apps.screencast.screen.SimpleScreenController.updateImage()V+19
v  ~StubRoutines::call_stub
V  [libjvm.so+0x693e76]  JavaCalls::call_helper(JavaValue*, methodHandle*, JavaCallArguments*, Thread*)+0x1056
V  [libjvm.so+0x9a0837]  Reflection::invoke(instanceKlassHandle, methodHandle, Handle, bool, objArrayHandle, BasicType, objArrayHandle, bool, Thread*)+0x5d7
V  [libjvm.so+0x9a3f47]  Reflection::invoke_method(oopDesc*, Handle, objArrayHandle, Thread*)+0x147
V  [libjvm.so+0x72752b]  JVM_InvokeMethod+0x26b
J 2757  sun.reflect.NativeMethodAccessorImpl.invoke0(Ljava/lang/reflect/Method;Ljava/lang/Object;[Ljava/lang/Object;)Ljava/lang/Object; (0 bytes) @ 0x00007f5bf9a234ed [0x00007f5bf9a23400+0xed]
J 1691 C1 sun.reflect.NativeMethodAccessorImpl.invoke(Ljava/lang/Object;[Ljava/lang/Object;)Ljava/lang/Object; (104 bytes) @ 0x00007f5bf95c6d94 [0x00007f5bf95c5bc0+0x11d4]
J 1377 C1 sun.reflect.DelegatingMethodAccessorImpl.invoke(Ljava/lang/Object;[Ljava/lang/Object;)Ljava/lang/Object; (10 bytes) @ 0x00007f5bf94f880c [0x00007f5bf94f8700+0x10c]
J 1376 C1 java.lang.reflect.Method.invoke(Ljava/lang/Object;[Ljava/lang/Object;)Ljava/lang/Object; (62 bytes) @ 0x00007f5bf94f735c [0x00007f5bf94f6f60+0x3fc]
j  org.springframework.scheduling.support.ScheduledMethodRunnable.run()V+19
j  org.springframework.scheduling.support.DelegatingErrorHandlingRunnable.run()V+4
j  java.util.concurrent.Executors$RunnableAdapter.call()Ljava/lang/Object;+4
j  java.util.concurrent.FutureTask.runAndReset()Z+47
j  java.util.concurrent.ScheduledThreadPoolExecutor$ScheduledFutureTask.access$301(Ljava/util/concurrent/ScheduledThreadPoolExecutor$ScheduledFutureTask;)Z+1
j  java.util.concurrent.ScheduledThreadPoolExecutor$ScheduledFutureTask.run()V+37
j  java.util.concurrent.ThreadPoolExecutor.runWorker(Ljava/util/concurrent/ThreadPoolExecutor$Worker;)V+95
j  java.util.concurrent.ThreadPoolExecutor$Worker.run()V+5
j  java.lang.Thread.run()V+11
v  ~StubRoutines::call_stub
V  [libjvm.so+0x693e76]  JavaCalls::call_helper(JavaValue*, methodHandle*, JavaCallArguments*, Thread*)+0x1056
V  [libjvm.so+0x694381]  JavaCalls::call_virtual(JavaValue*, KlassHandle, Symbol*, Symbol*, JavaCallArguments*, Thread*)+0x321
V  [libjvm.so+0x694827]  JavaCalls::call_virtual(JavaValue*, Handle, KlassHandle, Symbol*, Symbol*, Thread*)+0x47
V  [libjvm.so+0x72fbb0]  thread_entry(JavaThread*, Thread*)+0xa0
V  [libjvm.so+0xa79b53]  JavaThread::thread_main_inner()+0x103
V  [libjvm.so+0xa79c9c]  JavaThread::run()+0x11c
V  [libjvm.so+0x92a728]  java_start(Thread*)+0x108
C  [libpthread.so.0+0x77fc]  start_thread+0xdc

Java frames: (J=compiled Java code, j=interpreted, Vv=VM code)
j  sun.awt.X11.XRobotPeer.getRGBPixelsImpl(Lsun/awt/X11GraphicsConfig;IIII[I)V+0
j  sun.awt.X11.XRobotPeer.getRGBPixels(Ljava/awt/Rectangle;)[I+33
j  java.awt.Robot.createScreenCapture(Ljava/awt/Rectangle;)Ljava/awt/image/BufferedImage;+50
j  de.tdlabs.apps.screencast.screen.ScreenGrabber.grab(Ljava/awt/Rectangle;)Ljava/awt/image/BufferedImage;+5
j  de.tdlabs.apps.screencast.screen.ScreenGrabber.grab()Ljava/awt/image/BufferedImage;+5
j  de.tdlabs.apps.screencast.screen.ScreenGrabber.grabAsBytes()[B+2
j  de.tdlabs.apps.screencast.screen.SimpleScreenController.updateImage()V+19
v  ~StubRoutines::call_stub
J 2757  sun.reflect.NativeMethodAccessorImpl.invoke0(Ljava/lang/reflect/Method;Ljava/lang/Object;[Ljava/lang/Object;)Ljava/lang/Object; (0 bytes) @ 0x00007f5bf9a23477 [0x00007f5bf9a23400+0x77]
J 1691 C1 sun.reflect.NativeMethodAccessorImpl.invoke(Ljava/lang/Object;[Ljava/lang/Object;)Ljava/lang/Object; (104 bytes) @ 0x00007f5bf95c6d94 [0x00007f5bf95c5bc0+0x11d4]
J 1377 C1 sun.reflect.DelegatingMethodAccessorImpl.invoke(Ljava/lang/Object;[Ljava/lang/Object;)Ljava/lang/Object; (10 bytes) @ 0x00007f5bf94f880c [0x00007f5bf94f8700+0x10c]
J 1376 C1 java.lang.reflect.Method.invoke(Ljava/lang/Object;[Ljava/lang/Object;)Ljava/lang/Object; (62 bytes) @ 0x00007f5bf94f735c [0x00007f5bf94f6f60+0x3fc]
j  org.springframework.scheduling.support.ScheduledMethodRunnable.run()V+19
j  org.springframework.scheduling.support.DelegatingErrorHandlingRunnable.run()V+4
j  java.util.concurrent.Executors$RunnableAdapter.call()Ljava/lang/Object;+4
j  java.util.concurrent.FutureTask.runAndReset()Z+47
j  java.util.concurrent.ScheduledThreadPoolExecutor$ScheduledFutureTask.access$301(Ljava/util/concurrent/ScheduledThreadPoolExecutor$ScheduledFutureTask;)Z+1
j  java.util.concurrent.ScheduledThreadPoolExecutor$ScheduledFutureTask.run()V+37
j  java.util.concurrent.ThreadPoolExecutor.runWorker(Ljava/util/concurrent/ThreadPoolExecutor$Worker;)V+95
j  java.util.concurrent.ThreadPoolExecutor$Worker.run()V+5
j  java.lang.Thread.run()V+11
v  ~StubRoutines::call_stub

---------------  P R O C E S S  ---------------

Java Threads: ( => current thread )
=>0x00007f5c0859a800 JavaThread "pool-1-thread-1" [_thread_in_native, id=8279, stack(0x00007f5b9cd65000,0x00007f5b9ce66000)]
  0x00007f5c0a2d0000 JavaThread "AWT-XAWT" daemon [_thread_blocked, id=8230, stack(0x00007f5b9d466000,0x00007f5b9d567000)]
  0x00007f5c0993e800 JavaThread "Java2D Disposer" daemon [_thread_blocked, id=8229, stack(0x00007f5b9d977000,0x00007f5b9da78000)]
  0x00007f5c08ac2800 JavaThread "XNIO-1 Accept" daemon [_thread_in_native, id=8191, stack(0x00007f5bcc069000,0x00007f5bcc16a000)]
  0x00007f5c08c8f000 JavaThread "XNIO-1 I/O-1" daemon [_thread_in_native, id=8190, stack(0x00007f5bce088000,0x00007f5bce189000)]
  0x00007f5c08225000 JavaThread "Service Thread" daemon [_thread_blocked, id=8029, stack(0x00007f5bce28a000,0x00007f5bce38b000)]
  0x00007f5c08210000 JavaThread "C1 CompilerThread3" daemon [_thread_blocked, id=8028, stack(0x00007f5bce38b000,0x00007f5bce48c000)]
  0x00007f5c0820e000 JavaThread "C2 CompilerThread2" daemon [_thread_in_native, id=8027, stack(0x00007f5bce48c000,0x00007f5bce58d000)]
  0x00007f5c0820c000 JavaThread "C2 CompilerThread1" daemon [_thread_in_native, id=8026, stack(0x00007f5bce58d000,0x00007f5bce68e000)]
  0x00007f5c08209000 JavaThread "C2 CompilerThread0" daemon [_thread_in_native, id=8025, stack(0x00007f5bce68e000,0x00007f5bce78f000)]
  0x00007f5c08207800 JavaThread "Signal Dispatcher" daemon [_thread_blocked, id=8024, stack(0x00007f5bce78f000,0x00007f5bce890000)]
  0x00007f5c081d3800 JavaThread "Finalizer" daemon [_thread_blocked, id=8023, stack(0x00007f5bceced000,0x00007f5bcedee000)]
  0x00007f5c081cf000 JavaThread "Reference Handler" daemon [_thread_blocked, id=8022, stack(0x00007f5bcedee000,0x00007f5bceeef000)]
  0x00007f5c0800a800 JavaThread "main" [_thread_in_vm, id=8012, stack(0x00007f5c113f1000,0x00007f5c114f2000)]

Other Threads:
  0x00007f5c081c7800 VMThread [stack: 0x00007f5bceeef000,0x00007f5bceff0000] [id=8021]
  0x00007f5c08228000 WatcherThread [stack: 0x00007f5bce189000,0x00007f5bce28a000] [id=8030]

VM state:not at safepoint (normal execution)

VM Mutex/Monitor currently owned by a thread:  ([mutex/lock_event])
[0x00007f5c08006ad0] Threads_lock - owner thread: 0x00007f5c0800a800

Heap:
 PSYoungGen      total 512000K, used 185832K [0x000000076d180000, 0x0000000791d80000, 0x00000007c0000000)
  eden space 507904K, 36% used [0x000000076d180000,0x00000007786fa0d0,0x000000078c180000)
  from space 4096K, 0% used [0x000000078ce80000,0x000000078ce80000,0x000000078d280000)
  to   space 13312K, 0% used [0x000000078c180000,0x000000078c180000,0x000000078ce80000)
 ParOldGen       total 183296K, used 20742K [0x00000006c7400000, 0x00000006d2700000, 0x000000076d180000)
  object space 183296K, 11% used [0x00000006c7400000,0x00000006c88419d0,0x00000006d2700000)
 Metaspace       used 35902K, capacity 36270K, committed 36608K, reserved 1081344K
  class space    used 4486K, capacity 4590K, committed 4608K, reserved 1048576K

Card table byte_map: [0x00007f5c0d982000,0x00007f5c0e149000] byte_map_base: 0x00007f5c0a348000

Marking Bits: (ParMarkBitMap*) 0x00007f5c108c8f80
 Begin Bits: [0x00007f5bdc3a0000, 0x00007f5be01d0000)
 End Bits:   [0x00007f5be01d0000, 0x00007f5be4000000)

Polling page: 0x00007f5c11532000

CodeCache: size=245760Kb used=14346Kb max_used=14346Kb free=231413Kb
 bounds [0x00007f5bf9000000, 0x00007f5bf9e20000, 0x00007f5c08000000]
 total_blobs=4009 nmethods=3242 adapters=679
 compilation: enabled

Compilation events (10 events):
Event: 9,036 Thread 0x00007f5c08210000 3836       3       java.util.TreeMap$EntrySet::iterator (19 bytes)
Event: 9,037 Thread 0x00007f5c08210000 nmethod 3836 0x00007f5bf9e0cc90 code [0x00007f5bf9e0ce20, 0x00007f5bf9e0d330]
Event: 9,038 Thread 0x00007f5c08210000 3840       1       org.springframework.boot.autoconfigure.condition.ConditionEvaluationReport$ConditionAndOutcome::getOutcome (5 bytes)
Event: 9,040 Thread 0x00007f5c08210000 nmethod 3840 0x00007f5bf9dd7810 code [0x00007f5bf9dd7960, 0x00007f5bf9dd7a70]
Event: 9,040 Thread 0x00007f5c08210000 3842   !   3       org.springframework.util.ConcurrentReferenceHashMap$Segment::clear (44 bytes)
Event: 9,041 Thread 0x00007f5c08210000 nmethod 3842 0x00007f5bf9e0d590 code [0x00007f5bf9e0d780, 0x00007f5bf9e0e1f8]
Event: 9,041 Thread 0x00007f5c08210000 3843       3       java.net.URL::openConnection (9 bytes)
Event: 9,042 Thread 0x00007f5c08210000 nmethod 3843 0x00007f5bf9e0e610 code [0x00007f5bf9e0e780, 0x00007f5bf9e0e9a8]
Event: 9,042 Thread 0x00007f5c08210000 3841       3       org.springframework.boot.autoconfigure.condition.ConditionEvaluationReport::addNoMatchOutcomeToAncestors (130 bytes)
Event: 9,043 Thread 0x00007f5c08210000 nmethod 3841 0x00007f5bf9e0ea50 code [0x00007f5bf9e0ede0, 0x00007f5bf9e10e08]

GC Heap History (10 events):
Event: 3,691 GC heap before
{Heap before GC invocations=8 (full 1):
 PSYoungGen      total 266752K, used 7235K [0x000000076d180000, 0x000000078db80000, 0x00000007c0000000)
  eden space 257536K, 0% used [0x000000076d180000,0x000000076d180000,0x000000077cd00000)
  from space 9216K, 78% used [0x000000077cd00000,0x000000077d410f50,0x000000077d600000)
  to   space 9728K, 0% used [0x000000078d200000,0x000000078d200000,0x000000078db80000)
 ParOldGen       total 171008K, used 1842K [0x00000006c7400000, 0x00000006d1b00000, 0x000000076d180000)
  object space 171008K, 1% used [0x00000006c7400000,0x00000006c75cca78,0x00000006d1b00000)
 Metaspace       used 20920K, capacity 21214K, committed 21296K, reserved 1069056K
  class space    used 2555K, capacity 2660K, committed 2688K, reserved 1048576K
Event: 3,780 GC heap after
Heap after GC invocations=8 (full 1):
 PSYoungGen      total 266752K, used 0K [0x000000076d180000, 0x000000078db80000, 0x00000007c0000000)
  eden space 257536K, 0% used [0x000000076d180000,0x000000076d180000,0x000000077cd00000)
  from space 9216K, 0% used [0x000000077cd00000,0x000000077cd00000,0x000000077d600000)
  to   space 9728K, 0% used [0x000000078d200000,0x000000078d200000,0x000000078db80000)
 ParOldGen       total 107520K, used 8729K [0x00000006c7400000, 0x00000006cdd00000, 0x000000076d180000)
  object space 107520K, 8% used [0x00000006c7400000,0x00000006c7c866e0,0x00000006cdd00000)
 Metaspace       used 20920K, capacity 21214K, committed 21296K, reserved 1069056K
  class space    used 2555K, capacity 2660K, committed 2688K, reserved 1048576K
}
Event: 5,071 GC heap before
{Heap before GC invocations=9 (full 1):
 PSYoungGen      total 266752K, used 257536K [0x000000076d180000, 0x000000078db80000, 0x00000007c0000000)
  eden space 257536K, 100% used [0x000000076d180000,0x000000077cd00000,0x000000077cd00000)
  from space 9216K, 0% used [0x000000077cd00000,0x000000077cd00000,0x000000077d600000)
  to   space 9728K, 0% used [0x000000078d200000,0x000000078d200000,0x000000078db80000)
 ParOldGen       total 107520K, used 8729K [0x00000006c7400000, 0x00000006cdd00000, 0x000000076d180000)
  object space 107520K, 8% used [0x00000006c7400000,0x00000006c7c866e0,0x00000006cdd00000)
 Metaspace       used 24816K, capacity 25116K, committed 25216K, reserved 1071104K
  class space    used 3059K, capacity 3145K, committed 3200K, reserved 1048576K
Event: 5,080 GC heap after
Heap after GC invocations=9 (full 1):
 PSYoungGen      total 376832K, used 5228K [0x000000076d180000, 0x000000078d780000, 0x00000007c0000000)
  eden space 371200K, 0% used [0x000000076d180000,0x000000076d180000,0x0000000783c00000)
  from space 5632K, 92% used [0x000000078d200000,0x000000078d71b2b0,0x000000078d780000)
  to   space 9216K, 0% used [0x000000078c580000,0x000000078c580000,0x000000078ce80000)
 ParOldGen       total 107520K, used 8737K [0x00000006c7400000, 0x00000006cdd00000, 0x000000076d180000)
  object space 107520K, 8% used [0x00000006c7400000,0x00000006c7c886e0,0x00000006cdd00000)
 Metaspace       used 24816K, capacity 25116K, committed 25216K, reserved 1071104K
  class space    used 3059K, capacity 3145K, committed 3200K, reserved 1048576K
}
Event: 7,287 GC heap before
{Heap before GC invocations=10 (full 1):
 PSYoungGen      total 376832K, used 376428K [0x000000076d180000, 0x000000078d780000, 0x00000007c0000000)
  eden space 371200K, 100% used [0x000000076d180000,0x0000000783c00000,0x0000000783c00000)
  from space 5632K, 92% used [0x000000078d200000,0x000000078d71b2b0,0x000000078d780000)
  to   space 9216K, 0% used [0x000000078c580000,0x000000078c580000,0x000000078ce80000)
 ParOldGen       total 107520K, used 8737K [0x00000006c7400000, 0x00000006cdd00000, 0x000000076d180000)
  object space 107520K, 8% used [0x00000006c7400000,0x00000006c7c886e0,0x00000006cdd00000)
 Metaspace       used 30755K, capacity 31154K, committed 31488K, reserved 1077248K
  class space    used 3862K, capacity 3994K, committed 4096K, reserved 1048576K
Event: 7,307 GC heap after
Heap after GC invocations=10 (full 1):
 PSYoungGen      total 471040K, used 9198K [0x000000076d180000, 0x000000078d280000, 0x00000007c0000000)
  eden space 461824K, 0% used [0x000000076d180000,0x000000076d180000,0x0000000789480000)
  from space 9216K, 99% used [0x000000078c580000,0x000000078ce7b880,0x000000078ce80000)
  to   space 4096K, 0% used [0x000000078ce80000,0x000000078ce80000,0x000000078d280000)
 ParOldGen       total 107520K, used 9286K [0x00000006c7400000, 0x00000006cdd00000, 0x000000076d180000)
  object space 107520K, 8% used [0x00000006c7400000,0x00000006c7d11840,0x00000006cdd00000)
 Metaspace       used 30755K, capacity 31154K, committed 31488K, reserved 1077248K
  class space    used 3862K, capacity 3994K, committed 4096K, reserved 1048576K
}
Event: 8,475 GC heap before
{Heap before GC invocations=11 (full 1):
 PSYoungGen      total 471040K, used 313903K [0x000000076d180000, 0x000000078d280000, 0x00000007c0000000)
  eden space 461824K, 65% used [0x000000076d180000,0x000000077fb105a8,0x0000000789480000)
  from space 9216K, 99% used [0x000000078c580000,0x000000078ce7b880,0x000000078ce80000)
  to   space 4096K, 0% used [0x000000078ce80000,0x000000078ce80000,0x000000078d280000)
 ParOldGen       total 107520K, used 9286K [0x00000006c7400000, 0x00000006cdd00000, 0x000000076d180000)
  object space 107520K, 8% used [0x00000006c7400000,0x00000006c7d11840,0x00000006cdd00000)
 Metaspace       used 34840K, capacity 35214K, committed 35456K, reserved 1081344K
  class space    used 4306K, capacity 4430K, committed 4480K, reserved 1048576K
Event: 8,496 GC heap after
Heap after GC invocations=11 (full 1):
 PSYoungGen      total 512000K, used 4084K [0x000000076d180000, 0x0000000791d80000, 0x00000007c0000000)
  eden space 507904K, 0% used [0x000000076d180000,0x000000076d180000,0x000000078c180000)
  from space 4096K, 99% used [0x000000078ce80000,0x000000078d27d040,0x000000078d280000)
  to   space 13312K, 0% used [0x000000078c180000,0x000000078c180000,0x000000078ce80000)
 ParOldGen       total 107520K, used 19609K [0x00000006c7400000, 0x00000006cdd00000, 0x000000076d180000)
  object space 107520K, 18% used [0x00000006c7400000,0x00000006c8726748,0x00000006cdd00000)
 Metaspace       used 34840K, capacity 35214K, committed 35456K, reserved 1081344K
  class space    used 4306K, capacity 4430K, committed 4480K, reserved 1048576K
}
Event: 8,496 GC heap before
{Heap before GC invocations=12 (full 2):
 PSYoungGen      total 512000K, used 4084K [0x000000076d180000, 0x0000000791d80000, 0x00000007c0000000)
  eden space 507904K, 0% used [0x000000076d180000,0x000000076d180000,0x000000078c180000)
  from space 4096K, 99% used [0x000000078ce80000,0x000000078d27d040,0x000000078d280000)
  to   space 13312K, 0% used [0x000000078c180000,0x000000078c180000,0x000000078ce80000)
 ParOldGen       total 107520K, used 19609K [0x00000006c7400000, 0x00000006cdd00000, 0x000000076d180000)
  object space 107520K, 18% used [0x00000006c7400000,0x00000006c8726748,0x00000006cdd00000)
 Metaspace       used 34840K, capacity 35214K, committed 35456K, reserved 1081344K
  class space    used 4306K, capacity 4430K, committed 4480K, reserved 1048576K
Event: 8,626 GC heap after
Heap after GC invocations=12 (full 2):
 PSYoungGen      total 512000K, used 0K [0x000000076d180000, 0x0000000791d80000, 0x00000007c0000000)
  eden space 507904K, 0% used [0x000000076d180000,0x000000076d180000,0x000000078c180000)
  from space 4096K, 0% used [0x000000078ce80000,0x000000078ce80000,0x000000078d280000)
  to   space 13312K, 0% used [0x000000078c180000,0x000000078c180000,0x000000078ce80000)
 ParOldGen       total 183296K, used 20742K [0x00000006c7400000, 0x00000006d2700000, 0x000000076d180000)
  object space 183296K, 11% used [0x00000006c7400000,0x00000006c88419d0,0x00000006d2700000)
 Metaspace       used 34840K, capacity 35214K, committed 35456K, reserved 1081344K
  class space    used 4306K, capacity 4430K, committed 4480K, reserved 1048576K
}

Deoptimization events (10 events):
Event: 8,403 Thread 0x00007f5c0800a800 Uncommon trap: reason=unstable_if action=reinterpret pc=0x00007f5bf9b26b70 method=org.springframework.core.annotation.AnnotationUtils.searchOnInterfaces(Ljava/lang/reflect/Method;Ljava/lang/Class;[Ljava/lang/Class;)Ljava/lang/annotation/Annotation; @ 32
Event: 8,471 Thread 0x00007f5c0800a800 Uncommon trap: reason=unstable_if action=reinterpret pc=0x00007f5bf9994584 method=java.lang.Integer.equals(Ljava/lang/Object;)Z @ 18
Event: 8,627 Thread 0x00007f5c081d3800 Uncommon trap: reason=unstable_if action=reinterpret pc=0x00007f5bf9a8fd94 method=java.util.zip.Inflater.end()V @ 25
Event: 8,627 Thread 0x00007f5c081d3800 Uncommon trap: reason=unstable_if action=reinterpret pc=0x00007f5bf9a82544 method=java.util.zip.Inflater.end()V @ 25
Event: 8,627 Thread 0x00007f5c081d3800 Uncommon trap: reason=unstable_if action=reinterpret pc=0x00007f5bf982f354 method=java.util.zip.Inflater.end()V @ 25
Event: 8,824 Thread 0x00007f5c0800a800 Uncommon trap: reason=unstable_if action=reinterpret pc=0x00007f5bf926ce94 method=java.util.regex.Pattern.newSlice([IIZ)Ljava/util/regex/Pattern$Node; @ 10
Event: 9,007 Thread 0x00007f5c0800a800 Uncommon trap: reason=unstable_if action=reinterpret pc=0x00007f5bf9d807ac method=org.springframework.core.BridgeMethodResolver.isBridgedCandidateFor(Ljava/lang/reflect/Method;Ljava/lang/reflect/Method;)Z @ 39
Event: 9,011 Thread 0x00007f5c0800a800 Uncommon trap: reason=unstable_if action=reinterpret pc=0x00007f5bf99c7c18 method=java.lang.Class$MethodArray.addIfNotPresent(Ljava/lang/reflect/Method;)V @ 19
Event: 9,014 Thread 0x00007f5c0800a800 Uncommon trap: reason=unstable_if action=reinterpret pc=0x00007f5bf9c1a6b4 method=org.springframework.util.ReflectionUtils.getDeclaredMethods(Ljava/lang/Class;)[Ljava/lang/reflect/Method; @ 34
Event: 9,038 Thread 0x00007f5c0800a800 Uncommon trap: reason=unstable_if action=reinterpret pc=0x00007f5bf9577c74 method=org.springframework.util.ConcurrentReferenceHashMap$Segment.clear()V @ 4

Internal exceptions (10 events):
Event: 8,946 Thread 0x00007f5c0800a800 Exception <a 'java/lang/ClassNotFoundException': java/lang/ObjectCustomizer> (0x0000000774c6c2e0) thrown at [/HUDSON/workspace/8-2-build-linux-amd64/jdk8u151/9699/hotspot/src/share/vm/classfile/systemDictionary.cpp, line 210]
Event: 8,947 Thread 0x00007f5c0800a800 Exception <a 'java/lang/ClassNotFoundException': org/springframework/boot/autoconfigure/web/WebClientAutoConfiguration$RestTemplateConfigurationCustomizer> (0x0000000774d04fc0) thrown at [/HUDSON/workspace/8-2-build-linux-amd64/jdk8u151/9699/hotspot/src/s
Event: 8,947 Thread 0x00007f5c0800a800 Exception <a 'java/lang/ClassNotFoundException': org/springframework/boot/autoconfigure/web/WebClientAutoConfiguration$RestTemplateConfiguration$$EnhancerBySpringCGLIB$$bc9cd7bdCustomizer> (0x0000000774daf6c8) thrown at [/HUDSON/workspace/8-2-build-linux-
Event: 8,948 Thread 0x00007f5c0800a800 Exception <a 'java/lang/ClassNotFoundException': org/springframework/context/annotation/ConfigurationClassEnhancer$EnhancedConfigurationCustomizer> (0x0000000774e47388) thrown at [/HUDSON/workspace/8-2-build-linux-amd64/jdk8u151/9699/hotspot/src/share/vm/
Event: 8,956 Thread 0x00007f5c0800a800 Exception <a 'java/lang/ClassNotFoundException': org/springframework/boot/web/client/RestTemplateBuilderBeanInfo> (0x0000000775031350) thrown at [/HUDSON/workspace/8-2-build-linux-amd64/jdk8u151/9699/hotspot/src/share/vm/classfile/systemDictionary.cpp, li
Event: 8,957 Thread 0x00007f5c0800a800 Exception <a 'java/lang/ClassNotFoundException': org/springframework/boot/web/client/RestTemplateBuilderCustomizer> (0x00000007750ae790) thrown at [/HUDSON/workspace/8-2-build-linux-amd64/jdk8u151/9699/hotspot/src/share/vm/classfile/systemDictionary.cpp, 
Event: 8,959 Thread 0x00007f5c0800a800 Exception <a 'java/lang/ClassNotFoundException': java/lang/ObjectCustomizer> (0x0000000775126c98) thrown at [/HUDSON/workspace/8-2-build-linux-amd64/jdk8u151/9699/hotspot/src/share/vm/classfile/systemDictionary.cpp, line 210]
Event: 8,960 Thread 0x00007f5c0800a800 Exception <a 'java/lang/ClassNotFoundException': org/springframework/boot/autoconfigure/web/WebClientAutoConfigurationCustomizer> (0x00000007751b0dd0) thrown at [/HUDSON/workspace/8-2-build-linux-amd64/jdk8u151/9699/hotspot/src/share/vm/classfile/systemDi
Event: 8,960 Thread 0x00007f5c0800a800 Exception <a 'java/lang/ClassNotFoundException': org/springframework/boot/autoconfigure/web/WebClientAutoConfiguration$$EnhancerBySpringCGLIB$$c60c8559Customizer> (0x000000077524b930) thrown at [/HUDSON/workspace/8-2-build-linux-amd64/jdk8u151/9699/hotspo
Event: 8,961 Thread 0x00007f5c0800a800 Exception <a 'java/lang/ClassNotFoundException': org/springframework/context/annotation/ConfigurationClassEnhancer$EnhancedConfigurationCustomizer> (0x00000007752e1af8) thrown at [/HUDSON/workspace/8-2-build-linux-amd64/jdk8u151/9699/hotspot/src/share/vm/

Events (10 events):
Event: 9,076 loading class io/undertow/server/handlers/encoding/ContentEncodingProvider$1$1
Event: 9,076 loading class io/undertow/server/handlers/encoding/ContentEncodingProvider$1$1 done
Event: 9,077 loading class io/undertow/predicate/TruePredicate
Event: 9,077 loading class io/undertow/predicate/TruePredicate done
Event: 9,077 loading class io/undertow/server/handlers/encoding/GzipEncodingProvider
Event: 9,077 loading class io/undertow/server/handlers/encoding/GzipEncodingProvider done
Event: 9,077 loading class sun/awt/X11/XErrorEvent
Event: 9,077 loading class org/springframework/boot/context/embedded/undertow/UndertowEmbeddedServletContainer$MaxSizePredicate
Event: 9,077 loading class org/springframework/boot/context/embedded/undertow/UndertowEmbeddedServletContainer$MaxSizePredicate done
Event: 9,078 loading class sun/awt/X11/XErrorEvent done


Dynamic libraries:
00400000-00401000 r-xp 00000000 fd:00 24776306                           /usr/lib/jvm/java-8-oracle/bin/java
00600000-00601000 rw-p 00000000 fd:00 24776306                           /usr/lib/jvm/java-8-oracle/bin/java
015a4000-015c5000 rw-p 00000000 00:00 0                                  [heap]
6c7400000-6d2700000 rw-p 00000000 00:00 0 
6d2700000-76d180000 ---p 00000000 00:00 0 
76d180000-791d80000 rw-p 00000000 00:00 0 
791d80000-7c0000000 ---p 00000000 00:00 0 
7c0000000-7c0480000 rw-p 00000000 00:00 0 
7c0480000-800000000 ---p 00000000 00:00 0 
7f5b80000000-7f5b80021000 rw-p 00000000 00:00 0 
7f5b80021000-7f5b84000000 ---p 00000000 00:00 0 
7f5b84000000-7f5b84021000 rw-p 00000000 00:00 0 
7f5b84021000-7f5b88000000 ---p 00000000 00:00 0 
7f5b88000000-7f5b882bf000 rw-p 00000000 00:00 0 
7f5b882bf000-7f5b8c000000 ---p 00000000 00:00 0 
7f5b8c000000-7f5b8c021000 rw-p 00000000 00:00 0 
7f5b8c021000-7f5b90000000 ---p 00000000 00:00 0 
7f5b90000000-7f5b90021000 rw-p 00000000 00:00 0 
7f5b90021000-7f5b94000000 ---p 00000000 00:00 0 
7f5b94000000-7f5b94021000 rw-p 00000000 00:00 0 
7f5b94021000-7f5b98000000 ---p 00000000 00:00 0 
7f5b98000000-7f5b98021000 rw-p 00000000 00:00 0 
7f5b98021000-7f5b9c000000 ---p 00000000 00:00 0 
7f5b9c177000-7f5b9c278000 rw-p 00000000 00:00 0 
7f5b9c278000-7f5b9c27b000 ---p 00000000 00:00 0 
7f5b9c27b000-7f5b9c379000 rw-p 00000000 00:00 0 
7f5b9c379000-7f5b9c37c000 ---p 00000000 00:00 0 
7f5b9c37c000-7f5b9c47a000 rw-p 00000000 00:00 0 
7f5b9c47a000-7f5b9c47d000 ---p 00000000 00:00 0 
7f5b9c47d000-7f5b9cd65000 rw-p 00000000 00:00 0 
7f5b9cd65000-7f5b9cd68000 ---p 00000000 00:00 0 
7f5b9cd68000-7f5b9cfa6000 rw-p 00000000 00:00 0 
7f5b9cfa6000-7f5b9d066000 ---p 00000000 00:00 0 
7f5b9d066000-7f5b9d266000 rw-p 00000000 00:00 0 
7f5b9d266000-7f5b9d466000 rw-p 00000000 00:00 0 
7f5b9d466000-7f5b9d469000 ---p 00000000 00:00 0 
7f5b9d469000-7f5b9d567000 rw-p 00000000 00:00 0 
7f5b9d567000-7f5b9d56c000 r-xp 00000000 fd:00 24662115                   /usr/lib/x86_64-linux-gnu/libXfixes.so.3.1.0
7f5b9d56c000-7f5b9d76b000 ---p 00005000 fd:00 24662115                   /usr/lib/x86_64-linux-gnu/libXfixes.so.3.1.0
7f5b9d76b000-7f5b9d76c000 r--p 00004000 fd:00 24662115                   /usr/lib/x86_64-linux-gnu/libXfixes.so.3.1.0
7f5b9d76c000-7f5b9d76d000 rw-p 00005000 fd:00 24662115                   /usr/lib/x86_64-linux-gnu/libXfixes.so.3.1.0
7f5b9d76d000-7f5b9d776000 r-xp 00000000 fd:00 24651255                   /usr/lib/x86_64-linux-gnu/libXcursor.so.1.0.2
7f5b9d776000-7f5b9d975000 ---p 00009000 fd:00 24651255                   /usr/lib/x86_64-linux-gnu/libXcursor.so.1.0.2
7f5b9d975000-7f5b9d976000 r--p 00008000 fd:00 24651255                   /usr/lib/x86_64-linux-gnu/libXcursor.so.1.0.2
7f5b9d976000-7f5b9d977000 rw-p 00009000 fd:00 24651255                   /usr/lib/x86_64-linux-gnu/libXcursor.so.1.0.2
7f5b9d977000-7f5b9d97a000 ---p 00000000 00:00 0 
7f5b9d97a000-7f5b9da78000 rw-p 00000000 00:00 0 
7f5b9da78000-7f5b9da82000 r-xp 00000000 fd:00 24662122                   /usr/lib/x86_64-linux-gnu/libXrandr.so.2.2.0
7f5b9da82000-7f5b9dc81000 ---p 0000a000 fd:00 24662122                   /usr/lib/x86_64-linux-gnu/libXrandr.so.2.2.0
7f5b9dc81000-7f5b9dc82000 r--p 00009000 fd:00 24662122                   /usr/lib/x86_64-linux-gnu/libXrandr.so.2.2.0
7f5b9dc82000-7f5b9dc83000 rw-p 0000a000 fd:00 24662122                   /usr/lib/x86_64-linux-gnu/libXrandr.so.2.2.0
7f5b9dc83000-7f5b9dc99000 r-xp 00000000 fd:00 8128089                    /lib/x86_64-linux-gnu/libgcc_s.so.1
7f5b9dc99000-7f5b9de98000 ---p 00016000 fd:00 8128089                    /lib/x86_64-linux-gnu/libgcc_s.so.1
7f5b9de98000-7f5b9de99000 r--p 00015000 fd:00 8128089                    /lib/x86_64-linux-gnu/libgcc_s.so.1
7f5b9de99000-7f5b9de9a000 rw-p 00016000 fd:00 8128089                    /lib/x86_64-linux-gnu/libgcc_s.so.1
7f5b9de9a000-7f5b9deff000 r-xp 00000000 fd:00 24905048                   /usr/lib/jvm/java-8-oracle/jre/lib/amd64/libfontmanager.so
7f5b9deff000-7f5b9e0fe000 ---p 00065000 fd:00 24905048                   /usr/lib/jvm/java-8-oracle/jre/lib/amd64/libfontmanager.so
7f5b9e0fe000-7f5b9e103000 rw-p 00064000 fd:00 24905048                   /usr/lib/jvm/java-8-oracle/jre/lib/amd64/libfontmanager.so
7f5b9e103000-7f5b9e113000 rw-p 00000000 00:00 0 
7f5b9e113000-7f5b9e126000 r-xp 00000000 fd:00 8130973                    /lib/x86_64-linux-gnu/libbsd.so.0.8.6
7f5b9e126000-7f5b9e325000 ---p 00013000 fd:00 8130973                    /lib/x86_64-linux-gnu/libbsd.so.0.8.6
7f5b9e325000-7f5b9e326000 r--p 00012000 fd:00 8130973                    /lib/x86_64-linux-gnu/libbsd.so.0.8.6
7f5b9e326000-7f5b9e327000 rw-p 00013000 fd:00 8130973                    /lib/x86_64-linux-gnu/libbsd.so.0.8.6
7f5b9e327000-7f5b9e328000 rw-p 00000000 00:00 0 
7f5b9e328000-7f5b9e32d000 r-xp 00000000 fd:00 24647153                   /usr/lib/x86_64-linux-gnu/libXdmcp.so.6.0.0
7f5b9e32d000-7f5b9e52c000 ---p 00005000 fd:00 24647153                   /usr/lib/x86_64-linux-gnu/libXdmcp.so.6.0.0
7f5b9e52c000-7f5b9e52d000 r--p 00004000 fd:00 24647153                   /usr/lib/x86_64-linux-gnu/libXdmcp.so.6.0.0
7f5b9e52d000-7f5b9e52e000 rw-p 00005000 fd:00 24647153                   /usr/lib/x86_64-linux-gnu/libXdmcp.so.6.0.0
7f5b9e52e000-7f5b9e530000 r-xp 00000000 fd:00 24649624                   /usr/lib/x86_64-linux-gnu/libXau.so.6.0.0
7f5b9e530000-7f5b9e730000 ---p 00002000 fd:00 24649624                   /usr/lib/x86_64-linux-gnu/libXau.so.6.0.0
7f5b9e730000-7f5b9e731000 r--p 00002000 fd:00 24649624                   /usr/lib/x86_64-linux-gnu/libXau.so.6.0.0
7f5b9e731000-7f5b9e732000 rw-p 00003000 fd:00 24649624                   /usr/lib/x86_64-linux-gnu/libXau.so.6.0.0
7f5b9e732000-7f5b9e758000 r-xp 00000000 fd:00 24648830                   /usr/lib/x86_64-linux-gnu/libxcb.so.1.1.0
7f5b9e758000-7f5b9e957000 ---p 00026000 fd:00 24648830                   /usr/lib/x86_64-linux-gnu/libxcb.so.1.1.0
7f5b9e957000-7f5b9e958000 r--p 00025000 fd:00 24648830                   /usr/lib/x86_64-linux-gnu/libxcb.so.1.1.0
7f5b9e958000-7f5b9e959000 rw-p 00026000 fd:00 24648830                   /usr/lib/x86_64-linux-gnu/libxcb.so.1.1.0
7f5b9e959000-7f5b9e968000 r-xp 00000000 fd:00 24662112                   /usr/lib/x86_64-linux-gnu/libXi.so.6.1.0
7f5b9e968000-7f5b9eb67000 ---p 0000f000 fd:00 24662112                   /usr/lib/x86_64-linux-gnu/libXi.so.6.1.0
7f5b9eb67000-7f5b9eb68000 r--p 0000e000 fd:00 24662112                   /usr/lib/x86_64-linux-gnu/libXi.so.6.1.0
7f5b9eb68000-7f5b9eb69000 rw-p 0000f000 fd:00 24662112                   /usr/lib/x86_64-linux-gnu/libXi.so.6.1.0
7f5b9eb69000-7f5b9eb6e000 r-xp 00000000 fd:00 24648237                   /usr/lib/x86_64-linux-gnu/libXtst.so.6.1.0
7f5b9eb6e000-7f5b9ed6d000 ---p 00005000 fd:00 24648237                   /usr/lib/x86_64-linux-gnu/libXtst.so.6.1.0
7f5b9ed6d000-7f5b9ed6e000 r--p 00004000 fd:00 24648237                   /usr/lib/x86_64-linux-gnu/libXtst.so.6.1.0
7f5b9ed6e000-7f5b9ed6f000 rw-p 00005000 fd:00 24648237                   /usr/lib/x86_64-linux-gnu/libXtst.so.6.1.0
7f5b9ed6f000-7f5b9ed78000 r-xp 00000000 fd:00 24649151                   /usr/lib/x86_64-linux-gnu/libXrender.so.1.3.0
7f5b9ed78000-7f5b9ef77000 ---p 00009000 fd:00 24649151                   /usr/lib/x86_64-linux-gnu/libXrender.so.1.3.0
7f5b9ef77000-7f5b9ef78000 r--p 00008000 fd:00 24649151                   /usr/lib/x86_64-linux-gnu/libXrender.so.1.3.0
7f5b9ef78000-7f5b9ef79000 rw-p 00009000 fd:00 24649151                   /usr/lib/x86_64-linux-gnu/libXrender.so.1.3.0
7f5b9ef79000-7f5b9f0ad000 r-xp 00000000 fd:00 24646651                   /usr/lib/x86_64-linux-gnu/libX11.so.6.3.0
7f5b9f0ad000-7f5b9f2ad000 ---p 00134000 fd:00 24646651                   /usr/lib/x86_64-linux-gnu/libX11.so.6.3.0
7f5b9f2ad000-7f5b9f2ae000 r--p 00134000 fd:00 24646651                   /usr/lib/x86_64-linux-gnu/libX11.so.6.3.0
7f5b9f2ae000-7f5b9f2b2000 rw-p 00135000 fd:00 24646651                   /usr/lib/x86_64-linux-gnu/libX11.so.6.3.0
7f5b9f2b2000-7f5b9f2c3000 r-xp 00000000 fd:00 24649637                   /usr/lib/x86_64-linux-gnu/libXext.so.6.4.0
7f5b9f2c3000-7f5b9f4c2000 ---p 00011000 fd:00 24649637                   /usr/lib/x86_64-linux-gnu/libXext.so.6.4.0
7f5b9f4c2000-7f5b9f4c3000 r--p 00010000 fd:00 24649637                   /usr/lib/x86_64-linux-gnu/libXext.so.6.4.0
7f5b9f4c3000-7f5b9f4c4000 rw-p 00011000 fd:00 24649637                   /usr/lib/x86_64-linux-gnu/libXext.so.6.4.0
7f5b9f4c4000-7f5b9f518000 r-xp 00000000 fd:00 24905091                   /usr/lib/jvm/java-8-oracle/jre/lib/amd64/libawt_xawt.so
7f5b9f518000-7f5b9f718000 ---p 00054000 fd:00 24905091                   /usr/lib/jvm/java-8-oracle/jre/lib/amd64/libawt_xawt.so
7f5b9f718000-7f5b9f71c000 rw-p 00054000 fd:00 24905091                   /usr/lib/jvm/java-8-oracle/jre/lib/amd64/libawt_xawt.so
7f5b9f71c000-7f5b9f71d000 rw-p 00000000 00:00 0 
7f5b9f71d000-7f5b9f7bf000 r-xp 00000000 fd:00 24905075                   /usr/lib/jvm/java-8-oracle/jre/lib/amd64/libawt.so
7f5b9f7bf000-7f5b9f9bf000 ---p 000a2000 fd:00 24905075                   /usr/lib/jvm/java-8-oracle/jre/lib/amd64/libawt.so
7f5b9f9bf000-7f5b9f9cb000 rw-p 000a2000 fd:00 24905075                   /usr/lib/jvm/java-8-oracle/jre/lib/amd64/libawt.so
7f5b9f9cb000-7f5b9fbef000 rw-p 00000000 00:00 0 
7f5b9fbef000-7f5b9fdef000 rw-p 00000000 00:00 0 
7f5b9fdef000-7f5b9fe00000 r-xp 00000000 fd:00 24905087                   /usr/lib/jvm/java-8-oracle/jre/lib/amd64/libnio.so
7f5b9fe00000-7f5b9ffff000 ---p 00011000 fd:00 24905087                   /usr/lib/jvm/java-8-oracle/jre/lib/amd64/libnio.so
7f5b9ffff000-7f5ba0000000 rw-p 00010000 fd:00 24905087                   /usr/lib/jvm/java-8-oracle/jre/lib/amd64/libnio.so
7f5ba0000000-7f5ba0021000 rw-p 00000000 00:00 0 
7f5ba0021000-7f5ba4000000 ---p 00000000 00:00 0 
7f5ba4000000-7f5ba4c2e000 rw-p 00000000 00:00 0 
7f5ba4c2e000-7f5ba8000000 ---p 00000000 00:00 0 
7f5ba8000000-7f5ba8b1e000 rw-p 00000000 00:00 0 
7f5ba8b1e000-7f5bac000000 ---p 00000000 00:00 0 
7f5bac000000-7f5bac021000 rw-p 00000000 00:00 0 
7f5bac021000-7f5bb0000000 ---p 00000000 00:00 0 
7f5bb0000000-7f5bb185c000 rw-p 00000000 00:00 0 
7f5bb185c000-7f5bb4000000 ---p 00000000 00:00 0 
7f5bb4000000-7f5bb5d97000 rw-p 00000000 00:00 0 
7f5bb5d97000-7f5bb8000000 ---p 00000000 00:00 0 
7f5bb8000000-7f5bb8021000 rw-p 00000000 00:00 0 
7f5bb8021000-7f5bbc000000 ---p 00000000 00:00 0 
7f5bbc000000-7f5bbd0f1000 rw-p 00000000 00:00 0 
7f5bbd0f1000-7f5bc0000000 ---p 00000000 00:00 0 
7f5bc0000000-7f5bc0021000 rw-p 00000000 00:00 0 
7f5bc0021000-7f5bc4000000 ---p 00000000 00:00 0 
7f5bc4000000-7f5bc4021000 rw-p 00000000 00:00 0 
7f5bc4021000-7f5bc8000000 ---p 00000000 00:00 0 
7f5bc8000000-7f5bc8021000 rw-p 00000000 00:00 0 
7f5bc8021000-7f5bcc000000 ---p 00000000 00:00 0 
7f5bcc069000-7f5bcc06c000 ---p 00000000 00:00 0 
7f5bcc06c000-7f5bcc36a000 rw-p 00000000 00:00 0 
7f5bcc36a000-7f5bcc56a000 rw-p 00000000 00:00 0 
7f5bcc56a000-7f5bcc76a000 rw-p 00000000 00:00 0 
7f5bcc76a000-7f5bcc96a000 rw-p 00000000 00:00 0 
7f5bcc96a000-7f5bccb6a000 rw-p 00000000 00:00 0 
7f5bccb6a000-7f5bccd6a000 rw-p 00000000 00:00 0 
7f5bccd6a000-7f5bccf6a000 rw-p 00000000 00:00 0 
7f5bccf6a000-7f5bcdb6b000 rw-p 00000000 00:00 0 
7f5bcdb6b000-7f5bcdb82000 r-xp 00000000 fd:00 24905084                   /usr/lib/jvm/java-8-oracle/jre/lib/amd64/libnet.so
7f5bcdb82000-7f5bcdd81000 ---p 00017000 fd:00 24905084                   /usr/lib/jvm/java-8-oracle/jre/lib/amd64/libnet.so
7f5bcdd81000-7f5bcdd82000 rw-p 00016000 fd:00 24905084                   /usr/lib/jvm/java-8-oracle/jre/lib/amd64/libnet.so
7f5bcdd82000-7f5bcdd8b000 r-xp 00000000 fd:00 24905092                   /usr/lib/jvm/java-8-oracle/jre/lib/amd64/libmanagement.so
7f5bcdd8b000-7f5bcdf8a000 ---p 00009000 fd:00 24905092                   /usr/lib/jvm/java-8-oracle/jre/lib/amd64/libmanagement.so
7f5bcdf8a000-7f5bcdf8b000 rw-p 00008000 fd:00 24905092                   /usr/lib/jvm/java-8-oracle/jre/lib/amd64/libmanagement.so
7f5bce088000-7f5bce08b000 ---p 00000000 00:00 0 
7f5bce08b000-7f5bce189000 rw-p 00000000 00:00 0 
7f5bce189000-7f5bce18a000 ---p 00000000 00:00 0 
7f5bce18a000-7f5bce28a000 rw-p 00000000 00:00 0 
7f5bce28a000-7f5bce28d000 ---p 00000000 00:00 0 
7f5bce28d000-7f5bce38b000 rw-p 00000000 00:00 0 
7f5bce38b000-7f5bce38e000 ---p 00000000 00:00 0 
7f5bce38e000-7f5bce48c000 rw-p 00000000 00:00 0 
7f5bce48c000-7f5bce48f000 ---p 00000000 00:00 0 
7f5bce48f000-7f5bce58d000 rw-p 00000000 00:00 0 
7f5bce58d000-7f5bce590000 ---p 00000000 00:00 0 
7f5bce590000-7f5bce68e000 rw-p 00000000 00:00 0 
7f5bce68e000-7f5bce691000 ---p 00000000 00:00 0 
7f5bce691000-7f5bce78f000 rw-p 00000000 00:00 0 
7f5bce78f000-7f5bce792000 ---p 00000000 00:00 0 
7f5bce792000-7f5bce890000 rw-p 00000000 00:00 0 
7f5bce890000-7f5bceced000 r--p 00000000 fd:00 24648219                   /usr/lib/locale/locale-archive
7f5bceced000-7f5bcecf0000 ---p 00000000 00:00 0 
7f5bcecf0000-7f5bcedee000 rw-p 00000000 00:00 0 
7f5bcedee000-7f5bcedf1000 ---p 00000000 00:00 0 
7f5bcedf1000-7f5bceeef000 rw-p 00000000 00:00 0 
7f5bceeef000-7f5bceef0000 ---p 00000000 00:00 0 
7f5bceef0000-7f5bd0000000 rw-p 00000000 00:00 0 
7f5bd0000000-7f5bd0021000 rw-p 00000000 00:00 0 
7f5bd0021000-7f5bd4000000 ---p 00000000 00:00 0 
7f5bd4000000-7f5bd4021000 rw-p 00000000 00:00 0 
7f5bd4021000-7f5bd8000000 ---p 00000000 00:00 0 
7f5bd8000000-7f5bd8021000 rw-p 00000000 00:00 0 
7f5bd8021000-7f5bdc000000 ---p 00000000 00:00 0 
7f5bdc09d000-7f5be4000000 rw-p 00000000 00:00 0 
7f5be4000000-7f5be4021000 rw-p 00000000 00:00 0 
7f5be4021000-7f5be8000000 ---p 00000000 00:00 0 
7f5be8000000-7f5be8021000 rw-p 00000000 00:00 0 
7f5be8021000-7f5bec000000 ---p 00000000 00:00 0 
7f5bec000000-7f5bec021000 rw-p 00000000 00:00 0 
7f5bec021000-7f5bf0000000 ---p 00000000 00:00 0 
7f5bf0000000-7f5bf0021000 rw-p 00000000 00:00 0 
7f5bf0021000-7f5bf4000000 ---p 00000000 00:00 0 
7f5bf4000000-7f5bf4021000 rw-p 00000000 00:00 0 
7f5bf4021000-7f5bf8000000 ---p 00000000 00:00 0 
7f5bf80f9000-7f5bf9000000 rw-p 00000000 00:00 0 
7f5bf9000000-7f5bf9e20000 rwxp 00000000 00:00 0 
7f5bf9e20000-7f5c08000000 ---p 00000000 00:00 0 
7f5c08000000-7f5c0a8f0000 rw-p 00000000 00:00 0 
7f5c0a8f0000-7f5c0c000000 ---p 00000000 00:00 0 
7f5c0c034000-7f5c0c050000 r--s 00393000 fd:00 24904487                   /usr/lib/jvm/java-8-oracle/jre/lib/ext/cldrdata.jar
7f5c0c050000-7f5c0c0e6000 r--s 01110000 fd:00 24904488                   /usr/lib/jvm/java-8-oracle/jre/lib/ext/jfxrt.jar
7f5c0c0e6000-7f5c0c236000 rw-p 00000000 00:00 0 
7f5c0c236000-7f5c0c40f000 r--s 03d5a000 fd:00 24904416                   /usr/lib/jvm/java-8-oracle/jre/lib/rt.jar
7f5c0c40f000-7f5c0cc4b000 rw-p 00000000 00:00 0 
7f5c0cc4b000-7f5c0cc4c000 ---p 00000000 00:00 0 
7f5c0cc4c000-7f5c0cd4c000 rw-p 00000000 00:00 0 
7f5c0cd4c000-7f5c0cd4d000 ---p 00000000 00:00 0 
7f5c0cd4d000-7f5c0ce4d000 rw-p 00000000 00:00 0 
7f5c0ce4d000-7f5c0ce4e000 ---p 00000000 00:00 0 
7f5c0ce4e000-7f5c0cf4e000 rw-p 00000000 00:00 0 
7f5c0cf4e000-7f5c0cf4f000 ---p 00000000 00:00 0 
7f5c0cf4f000-7f5c0d04f000 rw-p 00000000 00:00 0 
7f5c0d04f000-7f5c0d050000 ---p 00000000 00:00 0 
7f5c0d050000-7f5c0d150000 rw-p 00000000 00:00 0 
7f5c0d150000-7f5c0d151000 ---p 00000000 00:00 0 
7f5c0d151000-7f5c0d251000 rw-p 00000000 00:00 0 
7f5c0d251000-7f5c0d252000 ---p 00000000 00:00 0 
7f5c0d252000-7f5c0d352000 rw-p 00000000 00:00 0 
7f5c0d352000-7f5c0d353000 ---p 00000000 00:00 0 
7f5c0d353000-7f5c0d4ad000 rw-p 00000000 00:00 0 
7f5c0d4ad000-7f5c0d982000 ---p 00000000 00:00 0 
7f5c0d982000-7f5c0d9dc000 rw-p 00000000 00:00 0 
7f5c0d9dc000-7f5c0deb0000 ---p 00000000 00:00 0 
7f5c0deb0000-7f5c0dfd7000 rw-p 00000000 00:00 0 
7f5c0dfd7000-7f5c0e148000 ---p 00000000 00:00 0 
7f5c0e148000-7f5c0e182000 rw-p 00000000 00:00 0 
7f5c0e182000-7f5c0e509000 ---p 00000000 00:00 0 
7f5c0e509000-7f5c0e524000 r-xp 00000000 fd:00 24905079                   /usr/lib/jvm/java-8-oracle/jre/lib/amd64/libzip.so
7f5c0e524000-7f5c0e724000 ---p 0001b000 fd:00 24905079                   /usr/lib/jvm/java-8-oracle/jre/lib/amd64/libzip.so
7f5c0e724000-7f5c0e725000 rw-p 0001b000 fd:00 24905079                   /usr/lib/jvm/java-8-oracle/jre/lib/amd64/libzip.so
7f5c0e725000-7f5c0e730000 r-xp 00000000 fd:00 8131349                    /lib/x86_64-linux-gnu/libnss_files-2.26.so
7f5c0e730000-7f5c0e92f000 ---p 0000b000 fd:00 8131349                    /lib/x86_64-linux-gnu/libnss_files-2.26.so
7f5c0e92f000-7f5c0e930000 r--p 0000a000 fd:00 8131349                    /lib/x86_64-linux-gnu/libnss_files-2.26.so
7f5c0e930000-7f5c0e931000 rw-p 0000b000 fd:00 8131349                    /lib/x86_64-linux-gnu/libnss_files-2.26.so
7f5c0e931000-7f5c0e937000 rw-p 00000000 00:00 0 
7f5c0e937000-7f5c0e942000 r-xp 00000000 fd:00 8132003                    /lib/x86_64-linux-gnu/libnss_nis-2.26.so
7f5c0e942000-7f5c0eb41000 ---p 0000b000 fd:00 8132003                    /lib/x86_64-linux-gnu/libnss_nis-2.26.so
7f5c0eb41000-7f5c0eb42000 r--p 0000a000 fd:00 8132003                    /lib/x86_64-linux-gnu/libnss_nis-2.26.so
7f5c0eb42000-7f5c0eb43000 rw-p 0000b000 fd:00 8132003                    /lib/x86_64-linux-gnu/libnss_nis-2.26.so
7f5c0eb43000-7f5c0eb5a000 r-xp 00000000 fd:00 8131331                    /lib/x86_64-linux-gnu/libnsl-2.26.so
7f5c0eb5a000-7f5c0ed59000 ---p 00017000 fd:00 8131331                    /lib/x86_64-linux-gnu/libnsl-2.26.so
7f5c0ed59000-7f5c0ed5a000 r--p 00016000 fd:00 8131331                    /lib/x86_64-linux-gnu/libnsl-2.26.so
7f5c0ed5a000-7f5c0ed5b000 rw-p 00017000 fd:00 8131331                    /lib/x86_64-linux-gnu/libnsl-2.26.so
7f5c0ed5b000-7f5c0ed5d000 rw-p 00000000 00:00 0 
7f5c0ed5d000-7f5c0ed65000 r-xp 00000000 fd:00 8131332                    /lib/x86_64-linux-gnu/libnss_compat-2.26.so
7f5c0ed65000-7f5c0ef64000 ---p 00008000 fd:00 8131332                    /lib/x86_64-linux-gnu/libnss_compat-2.26.so
7f5c0ef64000-7f5c0ef65000 r--p 00007000 fd:00 8131332                    /lib/x86_64-linux-gnu/libnss_compat-2.26.so
7f5c0ef65000-7f5c0ef66000 rw-p 00008000 fd:00 8131332                    /lib/x86_64-linux-gnu/libnss_compat-2.26.so
7f5c0ef66000-7f5c0ef91000 r-xp 00000000 fd:00 24905062                   /usr/lib/jvm/java-8-oracle/jre/lib/amd64/libjava.so
7f5c0ef91000-7f5c0f190000 ---p 0002b000 fd:00 24905062                   /usr/lib/jvm/java-8-oracle/jre/lib/amd64/libjava.so
7f5c0f190000-7f5c0f192000 rw-p 0002a000 fd:00 24905062                   /usr/lib/jvm/java-8-oracle/jre/lib/amd64/libjava.so
7f5c0f192000-7f5c0f19f000 r-xp 00000000 fd:00 24905077                   /usr/lib/jvm/java-8-oracle/jre/lib/amd64/libverify.so
7f5c0f19f000-7f5c0f39f000 ---p 0000d000 fd:00 24905077                   /usr/lib/jvm/java-8-oracle/jre/lib/amd64/libverify.so
7f5c0f39f000-7f5c0f3a1000 rw-p 0000d000 fd:00 24905077                   /usr/lib/jvm/java-8-oracle/jre/lib/amd64/libverify.so
7f5c0f3a1000-7f5c0f3a8000 r-xp 00000000 fd:00 8132008                    /lib/x86_64-linux-gnu/librt-2.26.so
7f5c0f3a8000-7f5c0f5a7000 ---p 00007000 fd:00 8132008                    /lib/x86_64-linux-gnu/librt-2.26.so
7f5c0f5a7000-7f5c0f5a8000 r--p 00006000 fd:00 8132008                    /lib/x86_64-linux-gnu/librt-2.26.so
7f5c0f5a8000-7f5c0f5a9000 rw-p 00007000 fd:00 8132008                    /lib/x86_64-linux-gnu/librt-2.26.so
7f5c0f5a9000-7f5c0f6fe000 r-xp 00000000 fd:00 8131322                    /lib/x86_64-linux-gnu/libm-2.26.so
7f5c0f6fe000-7f5c0f8fd000 ---p 00155000 fd:00 8131322                    /lib/x86_64-linux-gnu/libm-2.26.so
7f5c0f8fd000-7f5c0f8fe000 r--p 00154000 fd:00 8131322                    /lib/x86_64-linux-gnu/libm-2.26.so
7f5c0f8fe000-7f5c0f8ff000 rw-p 00155000 fd:00 8131322                    /lib/x86_64-linux-gnu/libm-2.26.so
7f5c0f8ff000-7f5c105d2000 r-xp 00000000 fd:00 24905039                   /usr/lib/jvm/java-8-oracle/jre/lib/amd64/server/libjvm.so
7f5c105d2000-7f5c107d1000 ---p 00cd3000 fd:00 24905039                   /usr/lib/jvm/java-8-oracle/jre/lib/amd64/server/libjvm.so
7f5c107d1000-7f5c108ab000 rw-p 00cd2000 fd:00 24905039                   /usr/lib/jvm/java-8-oracle/jre/lib/amd64/server/libjvm.so
7f5c108ab000-7f5c108f6000 rw-p 00000000 00:00 0 
7f5c108f6000-7f5c10acc000 r-xp 00000000 fd:00 8130945                    /lib/x86_64-linux-gnu/libc-2.26.so
7f5c10acc000-7f5c10ccc000 ---p 001d6000 fd:00 8130945                    /lib/x86_64-linux-gnu/libc-2.26.so
7f5c10ccc000-7f5c10cd0000 r--p 001d6000 fd:00 8130945                    /lib/x86_64-linux-gnu/libc-2.26.so
7f5c10cd0000-7f5c10cd2000 rw-p 001da000 fd:00 8130945                    /lib/x86_64-linux-gnu/libc-2.26.so
7f5c10cd2000-7f5c10cd6000 rw-p 00000000 00:00 0 
7f5c10cd6000-7f5c10cd9000 r-xp 00000000 fd:00 8131099                    /lib/x86_64-linux-gnu/libdl-2.26.so
7f5c10cd9000-7f5c10ed8000 ---p 00003000 fd:00 8131099                    /lib/x86_64-linux-gnu/libdl-2.26.so
7f5c10ed8000-7f5c10ed9000 r--p 00002000 fd:00 8131099                    /lib/x86_64-linux-gnu/libdl-2.26.so
7f5c10ed9000-7f5c10eda000 rw-p 00003000 fd:00 8131099                    /lib/x86_64-linux-gnu/libdl-2.26.so
7f5c10eda000-7f5c10ef0000 r-xp 00000000 fd:00 24780350                   /usr/lib/jvm/java-8-oracle/lib/amd64/jli/libjli.so
7f5c10ef0000-7f5c110ef000 ---p 00016000 fd:00 24780350                   /usr/lib/jvm/java-8-oracle/lib/amd64/jli/libjli.so
7f5c110ef000-7f5c110f0000 rw-p 00015000 fd:00 24780350                   /usr/lib/jvm/java-8-oracle/lib/amd64/jli/libjli.so
7f5c110f0000-7f5c1110a000 r-xp 00000000 fd:00 8132006                    /lib/x86_64-linux-gnu/libpthread-2.26.so
7f5c1110a000-7f5c11309000 ---p 0001a000 fd:00 8132006                    /lib/x86_64-linux-gnu/libpthread-2.26.so
7f5c11309000-7f5c1130a000 r--p 00019000 fd:00 8132006                    /lib/x86_64-linux-gnu/libpthread-2.26.so
7f5c1130a000-7f5c1130b000 rw-p 0001a000 fd:00 8132006                    /lib/x86_64-linux-gnu/libpthread-2.26.so
7f5c1130b000-7f5c1130f000 rw-p 00000000 00:00 0 
7f5c1130f000-7f5c11336000 r-xp 00000000 fd:00 8126854                    /lib/x86_64-linux-gnu/ld-2.26.so
7f5c11348000-7f5c113f1000 rw-p 00000000 00:00 0 
7f5c113f1000-7f5c113f4000 ---p 00000000 00:00 0 
7f5c113f4000-7f5c114f4000 rw-p 00000000 00:00 0 
7f5c114fe000-7f5c11508000 r--s 00116000 fd:00 24904494                   /usr/lib/jvm/java-8-oracle/jre/lib/ext/localedata.jar
7f5c11508000-7f5c1151b000 r--s 00345000 fd:00 24904454                   /usr/lib/jvm/java-8-oracle/jre/lib/resources.jar
7f5c1151b000-7f5c11520000 r--s 002f9000 fd:00 24904414                   /usr/lib/jvm/java-8-oracle/jre/lib/charsets.jar
7f5c11520000-7f5c11525000 r--s 0009a000 fd:00 24904455                   /usr/lib/jvm/java-8-oracle/jre/lib/jsse.jar
7f5c11525000-7f5c11529000 r--s 018f4000 fd:00 16145631                   /home/tom/dev/repos/gh/thomasdarimont/screen-casting-app/target/screen-casting-app.jar
7f5c11529000-7f5c11531000 rw-s 00000000 fd:00 29884449                   /tmp/hsperfdata_tom/8011
7f5c11531000-7f5c11532000 rw-p 00000000 00:00 0 
7f5c11532000-7f5c11533000 r--p 00000000 00:00 0 
7f5c11533000-7f5c11536000 rw-p 00000000 00:00 0 
7f5c11536000-7f5c11537000 r--p 00027000 fd:00 8126854                    /lib/x86_64-linux-gnu/ld-2.26.so
7f5c11537000-7f5c11538000 rw-p 00028000 fd:00 8126854                    /lib/x86_64-linux-gnu/ld-2.26.so
7f5c11538000-7f5c11539000 rw-p 00000000 00:00 0 
7ffd96402000-7ffd96424000 rw-p 00000000 00:00 0                          [stack]
7ffd965e0000-7ffd965e3000 r--p 00000000 00:00 0                          [vvar]
7ffd965e3000-7ffd965e5000 r-xp 00000000 00:00 0                          [vdso]
ffffffffff600000-ffffffffff601000 r-xp 00000000 00:00 0                  [vsyscall]

VM Arguments:
java_command: target/screen-casting-app.jar
java_class_path (initial): target/screen-casting-app.jar
Launcher Type: SUN_STANDARD

Environment Variables:
JAVA_HOME=/usr/lib/jvm/java-8-oracle
PATH=/home/tom/.local/bin:/home/tom/.rbenv/plugins/ruby-build/bin:/home/tom/.rbenv/shims:/home/tom/.rbenv/bin:/home/tom/Downloads/google-cloud-sdk/bin:/home/tom/.sdkman/candidates/springboot/current/bin:/home/tom/bin::/usr/local/sbin:/usr/local/bin:/usr/sbin:/usr/bin:/sbin:/bin:/usr/games:/usr/local/games:/home/tom/tools:/home/tom/perf-tools:/opt/dev/tools/mvn/apache-maven-3.5.2/bin:/opt/dev/tools/gradle/gradle-3.3/bin:/home/tom/gocode/bin:/home/tom/anaconda3/bin:/home/tom/dev/playground/vault:/opt/dev/tools/forge-distribution-3.7.1.Final/bin
USERNAME=tom
SHELL=/bin/zsh
DISPLAY=:0

Signal Handlers:
SIGSEGV: [libjvm.so+0xacbe10], sa_mask[0]=11111111011111111101111111111110, sa_flags=SA_RESTART|SA_SIGINFO
SIGBUS: [libjvm.so+0xacbe10], sa_mask[0]=11111111011111111101111111111110, sa_flags=SA_RESTART|SA_SIGINFO
SIGFPE: [libjvm.so+0x924f90], sa_mask[0]=11111111011111111101111111111110, sa_flags=SA_RESTART|SA_SIGINFO
SIGPIPE: [libjvm.so+0x924f90], sa_mask[0]=11111111011111111101111111111110, sa_flags=SA_RESTART|SA_SIGINFO
SIGXFSZ: [libjvm.so+0x924f90], sa_mask[0]=11111111011111111101111111111110, sa_flags=SA_RESTART|SA_SIGINFO
SIGILL: [libjvm.so+0x924f90], sa_mask[0]=11111111011111111101111111111110, sa_flags=SA_RESTART|SA_SIGINFO
SIGUSR1: SIG_DFL, sa_mask[0]=00000000000000000000000000000000, sa_flags=none
SIGUSR2: [libjvm.so+0x9267d0], sa_mask[0]=00000000000000000000000000000000, sa_flags=SA_RESTART|SA_SIGINFO
SIGHUP: [libjvm.so+0x927bd0], sa_mask[0]=11111111011111111101111111111110, sa_flags=SA_RESTART|SA_SIGINFO
SIGINT: [libjvm.so+0x927bd0], sa_mask[0]=11111111011111111101111111111110, sa_flags=SA_RESTART|SA_SIGINFO
SIGTERM: [libjvm.so+0x927bd0], sa_mask[0]=11111111011111111101111111111110, sa_flags=SA_RESTART|SA_SIGINFO
SIGQUIT: [libjvm.so+0x927bd0], sa_mask[0]=11111111011111111101111111111110, sa_flags=SA_RESTART|SA_SIGINFO


---------------  S Y S T E M  ---------------

OS:DISTRIB_ID=Ubuntu
DISTRIB_RELEASE=17.10
DISTRIB_CODENAME=artful
DISTRIB_DESCRIPTION="Ubuntu 17.10"

uname:Linux 4.13.0-16-generic #19-Ubuntu SMP Wed Oct 11 18:35:14 UTC 2017 x86_64
libc:glibc 2.26 NPTL 2.26 
rlimit: STACK 8192k, CORE 0k, NPROC 262144, NOFILE 262144, AS infinity
load average:3,89 1,01 0,34

/proc/meminfo:
MemTotal:       16299292 kB
MemFree:         9229232 kB
MemAvailable:   10728628 kB
Buffers:          290176 kB
Cached:          1678896 kB
SwapCached:            0 kB
Active:          4863380 kB
Inactive:        1603576 kB
Active(anon):    4293168 kB
Inactive(anon):   502772 kB
Active(file):     570212 kB
Inactive(file):  1100804 kB
Unevictable:         892 kB
Mlocked:             892 kB
SwapTotal:      16678908 kB
SwapFree:       16678908 kB
Dirty:             17848 kB
Writeback:             0 kB
AnonPages:       4498680 kB
Mapped:           626360 kB
Shmem:            507016 kB
Slab:             321216 kB
SReclaimable:     161984 kB
SUnreclaim:       159232 kB
KernelStack:       44304 kB
PageTables:       122244 kB
NFS_Unstable:          0 kB
Bounce:                0 kB
WritebackTmp:          0 kB
CommitLimit:    24828552 kB
Committed_AS:   21479976 kB
VmallocTotal:   34359738367 kB
VmallocUsed:           0 kB
VmallocChunk:          0 kB
HardwareCorrupted:     0 kB
AnonHugePages:         0 kB
ShmemHugePages:        0 kB
ShmemPmdMapped:        0 kB
CmaTotal:              0 kB
CmaFree:               0 kB
HugePages_Total:       0
HugePages_Free:        0
HugePages_Rsvd:        0
HugePages_Surp:        0
Hugepagesize:       2048 kB
DirectMap4k:      318932 kB
DirectMap2M:    10037248 kB
DirectMap1G:     6291456 kB


CPU:total 8 (initial active 8) (4 cores per cpu, 2 threads per core) family 6 model 60 stepping 3, cmov, cx8, fxsr, mmx, sse, sse2, sse3, ssse3, sse4.1, sse4.2, popcnt, avx, avx2, aes, clmul, erms, lzcnt, ht, tsc, tscinvbit, bmi1, bmi2

/proc/cpuinfo:
processor	: 0
vendor_id	: GenuineIntel
cpu family	: 6
model		: 60
model name	: Intel(R) Core(TM) i7-4712HQ CPU @ 2.30GHz
stepping	: 3
microcode	: 0x22
cpu MHz		: 2294.631
cache size	: 6144 KB
physical id	: 0
siblings	: 8
core id		: 0
cpu cores	: 4
apicid		: 0
initial apicid	: 0
fpu		: yes
fpu_exception	: yes
cpuid level	: 13
wp		: yes
flags		: fpu vme de pse tsc msr pae mce cx8 apic sep mtrr pge mca cmov pat pse36 clflush dts acpi mmx fxsr sse sse2 ss ht tm pbe syscall nx pdpe1gb rdtscp lm constant_tsc arch_perfmon pebs bts rep_good nopl xtopology nonstop_tsc cpuid aperfmperf pni pclmulqdq dtes64 monitor ds_cpl vmx est tm2 ssse3 sdbg fma cx16 xtpr pdcm pcid sse4_1 sse4_2 x2apic movbe popcnt tsc_deadline_timer aes xsave avx f16c rdrand lahf_lm abm cpuid_fault epb tpr_shadow vnmi flexpriority ept vpid fsgsbase tsc_adjust bmi1 avx2 smep bmi2 erms invpcid xsaveopt dtherm ida arat pln pts
bugs		:
bogomips	: 4589.26
clflush size	: 64
cache_alignment	: 64
address sizes	: 39 bits physical, 48 bits virtual
power management:

processor	: 1
vendor_id	: GenuineIntel
cpu family	: 6
model		: 60
model name	: Intel(R) Core(TM) i7-4712HQ CPU @ 2.30GHz
stepping	: 3
microcode	: 0x22
cpu MHz		: 2294.631
cache size	: 6144 KB
physical id	: 0
siblings	: 8
core id		: 1
cpu cores	: 4
apicid		: 2
initial apicid	: 2
fpu		: yes
fpu_exception	: yes
cpuid level	: 13
wp		: yes
flags		: fpu vme de pse tsc msr pae mce cx8 apic sep mtrr pge mca cmov pat pse36 clflush dts acpi mmx fxsr sse sse2 ss ht tm pbe syscall nx pdpe1gb rdtscp lm constant_tsc arch_perfmon pebs bts rep_good nopl xtopology nonstop_tsc cpuid aperfmperf pni pclmulqdq dtes64 monitor ds_cpl vmx est tm2 ssse3 sdbg fma cx16 xtpr pdcm pcid sse4_1 sse4_2 x2apic movbe popcnt tsc_deadline_timer aes xsave avx f16c rdrand lahf_lm abm cpuid_fault epb tpr_shadow vnmi flexpriority ept vpid fsgsbase tsc_adjust bmi1 avx2 smep bmi2 erms invpcid xsaveopt dtherm ida arat pln pts
bugs		:
bogomips	: 4589.26
clflush size	: 64
cache_alignment	: 64
address sizes	: 39 bits physical, 48 bits virtual
power management:

processor	: 2
vendor_id	: GenuineIntel
cpu family	: 6
model		: 60
model name	: Intel(R) Core(TM) i7-4712HQ CPU @ 2.30GHz
stepping	: 3
microcode	: 0x22
cpu MHz		: 2294.631
cache size	: 6144 KB
physical id	: 0
siblings	: 8
core id		: 2
cpu cores	: 4
apicid		: 4
initial apicid	: 4
fpu		: yes
fpu_exception	: yes
cpuid level	: 13
wp		: yes
flags		: fpu vme de pse tsc msr pae mce cx8 apic sep mtrr pge mca cmov pat pse36 clflush dts acpi mmx fxsr sse sse2 ss ht tm pbe syscall nx pdpe1gb rdtscp lm constant_tsc arch_perfmon pebs bts rep_good nopl xtopology nonstop_tsc cpuid aperfmperf pni pclmulqdq dtes64 monitor ds_cpl vmx est tm2 ssse3 sdbg fma cx16 xtpr pdcm pcid sse4_1 sse4_2 x2apic movbe popcnt tsc_deadline_timer aes xsave avx f16c rdrand lahf_lm abm cpuid_fault epb tpr_shadow vnmi flexpriority ept vpid fsgsbase tsc_adjust bmi1 avx2 smep bmi2 erms invpcid xsaveopt dtherm ida arat pln pts
bugs		:
bogomips	: 4589.26
clflush size	: 64
cache_alignment	: 64
address sizes	: 39 bits physical, 48 bits virtual
power management:

processor	: 3
vendor_id	: GenuineIntel
cpu family	: 6
model		: 60
model name	: Intel(R) Core(TM) i7-4712HQ CPU @ 2.30GHz
stepping	: 3
microcode	: 0x22
cpu MHz		: 2294.631
cache size	: 6144 KB
physical id	: 0
siblings	: 8
core id		: 3
cpu cores	: 4
apicid		: 6
initial apicid	: 6
fpu		: yes
fpu_exception	: yes
cpuid level	: 13
wp		: yes
flags		: fpu vme de pse tsc msr pae mce cx8 apic sep mtrr pge mca cmov pat pse36 clflush dts acpi mmx fxsr sse sse2 ss ht tm pbe syscall nx pdpe1gb rdtscp lm constant_tsc arch_perfmon pebs bts rep_good nopl xtopology nonstop_tsc cpuid aperfmperf pni pclmulqdq dtes64 monitor ds_cpl vmx est tm2 ssse3 sdbg fma cx16 xtpr pdcm pcid sse4_1 sse4_2 x2apic movbe popcnt tsc_deadline_timer aes xsave avx f16c rdrand lahf_lm abm cpuid_fault epb tpr_shadow vnmi flexpriority ept vpid fsgsbase tsc_adjust bmi1 avx2 smep bmi2 erms invpcid xsaveopt dtherm ida arat pln pts
bugs		:
bogomips	: 4589.26
clflush size	: 64
cache_alignment	: 64
address sizes	: 39 bits physical, 48 bits virtual
power management:

processor	: 4
vendor_id	: GenuineIntel
cpu family	: 6
model		: 60
model name	: Intel(R) Core(TM) i7-4712HQ CPU @ 2.30GHz
stepping	: 3
microcode	: 0x22
cpu MHz		: 2294.631
cache size	: 6144 KB
physical id	: 0
siblings	: 8
core id		: 0
cpu cores	: 4
apicid		: 1
initial apicid	: 1
fpu		: yes
fpu_exception	: yes
cpuid level	: 13
wp		: yes
flags		: fpu vme de pse tsc msr pae mce cx8 apic sep mtrr pge mca cmov pat pse36 clflush dts acpi mmx fxsr sse sse2 ss ht tm pbe syscall nx pdpe1gb rdtscp lm constant_tsc arch_perfmon pebs bts rep_good nopl xtopology nonstop_tsc cpuid aperfmperf pni pclmulqdq dtes64 monitor ds_cpl vmx est tm2 ssse3 sdbg fma cx16 xtpr pdcm pcid sse4_1 sse4_2 x2apic movbe popcnt tsc_deadline_timer aes xsave avx f16c rdrand lahf_lm abm cpuid_fault epb tpr_shadow vnmi flexpriority ept vpid fsgsbase tsc_adjust bmi1 avx2 smep bmi2 erms invpcid xsaveopt dtherm ida arat pln pts
bugs		:
bogomips	: 4589.26
clflush size	: 64
cache_alignment	: 64
address sizes	: 39 bits physical, 48 bits virtual
power management:

processor	: 5
vendor_id	: GenuineIntel
cpu family	: 6
model		: 60
model name	: Intel(R) Core(TM) i7-4712HQ CPU @ 2.30GHz
stepping	: 3
microcode	: 0x22
cpu MHz		: 2294.631
cache size	: 6144 KB
physical id	: 0
siblings	: 8
core id		: 1
cpu cores	: 4
apicid		: 3
initial apicid	: 3
fpu		: yes
fpu_exception	: yes
cpuid level	: 13
wp		: yes
flags		: fpu vme de pse tsc msr pae mce cx8 apic sep mtrr pge mca cmov pat pse36 clflush dts acpi mmx fxsr sse sse2 ss ht tm pbe syscall nx pdpe1gb rdtscp lm constant_tsc arch_perfmon pebs bts rep_good nopl xtopology nonstop_tsc cpuid aperfmperf pni pclmulqdq dtes64 monitor ds_cpl vmx est tm2 ssse3 sdbg fma cx16 xtpr pdcm pcid sse4_1 sse4_2 x2apic movbe popcnt tsc_deadline_timer aes xsave avx f16c rdrand lahf_lm abm cpuid_fault epb tpr_shadow vnmi flexpriority ept vpid fsgsbase tsc_adjust bmi1 avx2 smep bmi2 erms invpcid xsaveopt dtherm ida arat pln pts
bugs		:
bogomips	: 4589.26
clflush size	: 64
cache_alignment	: 64
address sizes	: 39 bits physical, 48 bits virtual
power management:

processor	: 6
vendor_id	: GenuineIntel
cpu family	: 6
model		: 60
model name	: Intel(R) Core(TM) i7-4712HQ CPU @ 2.30GHz
stepping	: 3
microcode	: 0x22
cpu MHz		: 2294.631
cache size	: 6144 KB
physical id	: 0
siblings	: 8
core id		: 2
cpu cores	: 4
apicid		: 5
initial apicid	: 5
fpu		: yes
fpu_exception	: yes
cpuid level	: 13
wp		: yes
flags		: fpu vme de pse tsc msr pae mce cx8 apic sep mtrr pge mca cmov pat pse36 clflush dts acpi mmx fxsr sse sse2 ss ht tm pbe syscall nx pdpe1gb rdtscp lm constant_tsc arch_perfmon pebs bts rep_good nopl xtopology nonstop_tsc cpuid aperfmperf pni pclmulqdq dtes64 monitor ds_cpl vmx est tm2 ssse3 sdbg fma cx16 xtpr pdcm pcid sse4_1 sse4_2 x2apic movbe popcnt tsc_deadline_timer aes xsave avx f16c rdrand lahf_lm abm cpuid_fault epb tpr_shadow vnmi flexpriority ept vpid fsgsbase tsc_adjust bmi1 avx2 smep bmi2 erms invpcid xsaveopt dtherm ida arat pln pts
bugs		:
bogomips	: 4589.26
clflush size	: 64
cache_alignment	: 64
address sizes	: 39 bits physical, 48 bits virtual
power management:

processor	: 7
vendor_id	: GenuineIntel
cpu family	: 6
model		: 60
model name	: Intel(R) Core(TM) i7-4712HQ CPU @ 2.30GHz
stepping	: 3
microcode	: 0x22
cpu MHz		: 2294.631
cache size	: 6144 KB
physical id	: 0
siblings	: 8
core id		: 3
cpu cores	: 4
apicid		: 7
initial apicid	: 7
fpu		: yes
fpu_exception	: yes
cpuid level	: 13
wp		: yes
flags		: fpu vme de pse tsc msr pae mce cx8 apic sep mtrr pge mca cmov pat pse36 clflush dts acpi mmx fxsr sse sse2 ss ht tm pbe syscall nx pdpe1gb rdtscp lm constant_tsc arch_perfmon pebs bts rep_good nopl xtopology nonstop_tsc cpuid aperfmperf pni pclmulqdq dtes64 monitor ds_cpl vmx est tm2 ssse3 sdbg fma cx16 xtpr pdcm pcid sse4_1 sse4_2 x2apic movbe popcnt tsc_deadline_timer aes xsave avx f16c rdrand lahf_lm abm cpuid_fault epb tpr_shadow vnmi flexpriority ept vpid fsgsbase tsc_adjust bmi1 avx2 smep bmi2 erms invpcid xsaveopt dtherm ida arat pln pts
bugs		:
bogomips	: 4589.26
clflush size	: 64
cache_alignment	: 64
address sizes	: 39 bits physical, 48 bits virtual
power management:



Memory: 4k page, physical 16299292k(9228860k free), swap 16678908k(16678908k free)

vm_info: Java HotSpot(TM) 64-Bit Server VM (25.151-b12) for linux-amd64 JRE (1.8.0_151-b12), built on Sep  5 2017 19:20:58 by "java_re" with gcc 4.3.0 20080428 (Red Hat 4.3.0-8)

time: Mon Oct 30 00:13:23 2017
elapsed time: 9 seconds (0d 0h 0m 9s)

